<?xml version="1.0" encoding="UTF-8"?>
<testsuite xmlns:xsi="http://www.w3.org/2001/XMLSchema-instance" xsi:noNamespaceSchemaLocation="https://maven.apache.org/surefire/maven-surefire-plugin/xsd/surefire-test-report.xsd" version="3.0.2" name="com.digibel.testcontainers.gotenberg.test.TestcontainersGotenbergDevModeTest" time="1.478" tests="1" errors="0" skipped="0" failures="0">
  <properties>
[...]
</properties>
  <testcase name="writeYourOwnDevModeTest" classname="com.digibel.testcontainers.gotenberg.test.TestcontainersGotenbergDevModeTest" time="1.469">
    <system-out><![CDATA[&amp#27;[94mTests paused&amp#27;[39m
2026-01-14 13:24:06,120 INFO  [com.digibel.testcontainers.gotenberg.deployment.TestcontainersGotenbergProcessor] (main) Dev Services for Gotenberg shut down.
2026-01-14 13:24:07,085 INFO  [org.testcontainers.DockerClientFactory] (build-11) Testcontainers version: 1.21.3
2026-01-14 13:24:07,226 INFO  [org.testcontainers.dockerclient.DockerClientProviderStrategy] (build-11) Loaded org.testcontainers.dockerclient.UnixSocketClientProviderStrategy from ~/.testcontainers.properties, will try it first
2026-01-14 13:24:07,380 INFO  [org.testcontainers.dockerclient.DockerClientProviderStrategy] (build-11) Found Docker environment with local Unix socket (unix:///var/run/docker.sock)
2026-01-14 13:24:07,381 INFO  [org.testcontainers.DockerClientFactory] (build-11) Docker host IP address is localhost
2026-01-14 13:24:07,394 INFO  [org.testcontainers.DockerClientFactory] (build-11) Connected to docker: 
  Server Version: 29.1.3
  API Version: 1.52
  Operating System: Ubuntu 24.04.3 LTS
  Total Memory: 32006 MB
2026-01-14 13:24:07,400 INFO  [org.testcontainers.images.PullPolicy] (build-11) Image pull policy will be performed by: DefaultPullPolicy()
2026-01-14 13:24:07,401 INFO  [org.testcontainers.utility.ImageNameSubstitutor] (build-11) Image name substitution will be performed by: DefaultImageNameSubstitutor (composite of 'ConfigurationFileImageNameSubstitutor' and 'PrefixingImageNameSubstitutor')
2026-01-14 13:24:07,404 INFO  [org.testcontainers.DockerClientFactory] (build-11) Checking the system...
2026-01-14 13:24:07,404 INFO  [org.testcontainers.DockerClientFactory] (build-11) ✔︎ Docker server version should be at least 1.6.0
2026-01-14 13:24:07,425 INFO  [io.quarkus.devservices.common.ContainerLocator] (build-11) Dev Services container found: a0dce619d652611e060e408bc9cb6747202faa5c5d3b968e5577dbbe8851da9a (gotenberg/gotenberg:8). Connecting to: localhost:32830.
2026-01-14 13:24:07,425 INFO  [com.digibel.testcontainers.gotenberg.deployment.TestcontainersGotenbergProcessor] (build-11) Found existing shared Gotenberg container: a0dce619d652611e060e408bc9cb6747202faa5c5d3b968e5577dbbe8851da9a
__  ____  __  _____   ___  __ ____  ______ 
 --/ __ \/ / / / _ | / _ \/ //_/ / / / __/ 
 -/ /_/ / /_/ / __ |/ , _/ ,< / /_/ /\ \   
--\___\_\____/_/ |_/_/|_/_/|_|\____/___/   
2026-01-14 13:24:07,581 WARN  [io.quarkus.config] (Quarkus Main Thread) Unrecognized configuration key "quarkus.gotenberg.url" was provided; it will be ignored; verify that the dependency extension for this configuration is set or that you did not make a typo
2026-01-14 13:24:07,599 INFO  [io.quarkus] (Quarkus Main Thread) testcontainers-gotenberg-deployment 1.0.0-SNAPSHOT on JVM (powered by Quarkus 3.30.6) started in 0.993s. 
2026-01-14 13:24:07,600 INFO  [io.quarkus] (Quarkus Main Thread) Profile dev activated. Live Coding activated.
2026-01-14 13:24:07,600 INFO  [io.quarkus] (Quarkus Main Thread) Installed features: [cdi, testcontainers-gotenberg]
2026-01-14 13:24:07,604 INFO  [io.quarkus] (Quarkus Main Thread) testcontainers-gotenberg-deployment stopped in 0.002s
]]></system-out>
  </testcase>
</testsuite>