<?xml version="1.0" encoding="UTF-8"?>
<testsuite xmlns:xsi="http://www.w3.org/2001/XMLSchema-instance" xsi:noNamespaceSchemaLocation="https://maven.apache.org/surefire/maven-surefire-plugin/xsd/surefire-test-report.xsd" version="3.0.2" name="com.digibel.testcontainers.gotenberg.test.GotenbergDevServicesTest" time="0.917" tests="1" errors="0" skipped="0" failures="0">
  <properties>
[...]
</properties>
  <testcase name="testGotenbergDevServicesStarted" classname="com.digibel.testcontainers.gotenberg.test.GotenbergDevServicesTest" time="0.002">
    <system-out><![CDATA[2026-01-14 13:24:05,184 INFO  [com.digibel.testcontainers.gotenberg.deployment.TestcontainersGotenbergProcessor] (main) Dev Services for Gotenberg shut down.
2026-01-14 13:24:05,482 INFO  [tc.gotenberg/gotenberg:8] (build-14) Creating container for image: gotenberg/gotenberg:8
2026-01-14 13:24:05,530 INFO  [tc.gotenberg/gotenberg:8] (build-14) Container gotenberg/gotenberg:8 is starting: a0dce619d652611e060e408bc9cb6747202faa5c5d3b968e5577dbbe8851da9a
2026-01-14 13:24:05,665 INFO  [org.testcontainers.containers.wait.strategy.HttpWaitStrategy] (build-14) /funny_williams: Waiting for 60 seconds for URL: http://localhost:32830/health (where port 32830 maps to container port 3000)
2026-01-14 13:24:05,931 INFO  [tc.gotenberg/gotenberg:8] (build-14) Container gotenberg/gotenberg:8 started in PT0.449084915S
2026-01-14 13:24:05,932 INFO  [com.digibel.testcontainers.gotenberg.deployment.TestcontainersGotenbergProcessor] (build-14) Gotenberg Dev Services started on http://localhost:32830 (Container ID: a0dce619d652611e060e408bc9cb6747202faa5c5d3b968e5577dbbe8851da9a)
2026-01-14 13:24:06,084 WARN  [io.quarkus.config] (main) Unrecognized configuration key "quarkus.gotenberg.url" was provided; it will be ignored; verify that the dependency extension for this configuration is set or that you did not make a typo
2026-01-14 13:24:06,104 INFO  [io.quarkus] (main) testcontainers-gotenberg-deployment 1.0.0-SNAPSHOT on JVM (powered by Quarkus 3.30.6) started in 0.125s. 
2026-01-14 13:24:06,104 INFO  [io.quarkus] (main) Profile test activated. 
2026-01-14 13:24:06,104 INFO  [io.quarkus] (main) Installed features: [cdi, testcontainers-gotenberg]
Gotenberg Dev Services URL: localhost:32830
]]></system-out>
  </testcase>
</testsuite>